<?xml version="1.0" encoding="UTF-8"?>
<testsuite xmlns:xsi="http://www.w3.org/2001/XMLSchema-instance" xsi:noNamespaceSchemaLocation="https://maven.apache.org/surefire/maven-surefire-plugin/xsd/surefire-test-report.xsd" version="3.0.2" name="edu.seminolestate.cen4802.FibonacciAppTest" time="0.113" tests="3" errors="0" skipped="0" failures="0">
  <properties>
[...]
</properties>
  <testcase name="fibonacciTermTenReturnsFiftyFive" classname="edu.seminolestate.cen4802.FibonacciAppTest" time="0.041"/>
  <testcase name="fibonacciTermOneReturnsOne" classname="edu.seminolestate.cen4802.FibonacciAppTest" time="0.002"/>
  <testcase name="fibonacciTermZeroReturnsZero" classname="edu.seminolestate.cen4802.FibonacciAppTest" time="0.001"/>
</testsuite>